[2017-02-07 18:27:03 +0000] [7090] [INFO] Starting gunicorn 19.6.0
[2017-02-07 18:27:03 +0000] [7090] [INFO] Listening at: http://0.0.0.0:5000 (7090)
[2017-02-07 18:27:03 +0000] [7090] [INFO] Using worker: sync
[2017-02-07 18:27:03 +0000] [7093] [INFO] Booting worker with pid: 7093
[2017-02-07 18:27:33 +0000] [7090] [INFO] Handling signal: int
[2017-02-07 18:27:33 +0000] [7093] [INFO] Worker exiting (pid: 7093)
[2017-02-07 18:27:33 +0000] [7090] [INFO] Shutting down: Master
[2017-03-16 01:48:07 +0000] [8970] [INFO] Starting gunicorn 19.6.0
[2017-03-16 01:48:07 +0000] [8970] [INFO] Listening at: http://0.0.0.0:5000 (8970)
[2017-03-16 01:48:07 +0000] [8970] [INFO] Using worker: sync
[2017-03-16 01:48:07 +0000] [8973] [INFO] Booting worker with pid: 8973
[2017-03-16 01:48:22 +0000] [8970] [INFO] Handling signal: int
[2017-03-16 01:48:22 +0000] [8973] [INFO] Worker exiting (pid: 8973)
[2017-03-16 01:48:22 +0000] [8970] [INFO] Shutting down: Master
[2017-03-16 02:35:25 +0000] [9697] [INFO] Starting gunicorn 19.6.0
[2017-03-16 02:35:25 +0000] [9697] [INFO] Listening at: http://0.0.0.0:5000 (9697)
[2017-03-16 02:35:25 +0000] [9697] [INFO] Using worker: sync
[2017-03-16 02:35:25 +0000] [9702] [INFO] Booting worker with pid: 9702
[2017-03-16 03:16:56 +0000] [9702] [INFO] Worker exiting (pid: 9702)
[2017-03-16 03:36:29 +0000] [1133] [INFO] Starting gunicorn 19.6.0
[2017-03-16 03:36:30 +0000] [1133] [INFO] Listening at: http://0.0.0.0:5000 (1133)
[2017-03-16 03:36:30 +0000] [1133] [INFO] Using worker: sync
[2017-03-16 03:36:30 +0000] [1315] [INFO] Booting worker with pid: 1315
[2017-03-16 03:37:09 +0000] [1133] [CRITICAL] WORKER TIMEOUT (pid:1315)
[2017-03-16 03:37:09 +0000] [1315] [INFO] Worker exiting (pid: 1315)
[2017-03-16 03:37:09 +0000] [1494] [INFO] Booting worker with pid: 1494
[2017-03-17 02:07:19 +0000] [1494] [INFO] Worker exiting (pid: 1494)
[2017-03-17 02:41:12 +0000] [9296] [INFO] Starting gunicorn 19.6.0
[2017-03-17 02:41:12 +0000] [9296] [INFO] Listening at: http://0.0.0.0:5000 (9296)
[2017-03-17 02:41:12 +0000] [9296] [INFO] Using worker: sync
[2017-03-17 02:41:12 +0000] [9299] [INFO] Booting worker with pid: 9299
[2017-03-17 02:43:47 +0000] [9299] [INFO] Worker exiting (pid: 9299)
[2017-03-17 02:43:47 +0000] [9296] [INFO] Handling signal: term
[2017-03-17 02:43:47 +0000] [9296] [INFO] Shutting down: Master
[2017-03-17 02:46:38 +0000] [1166] [INFO] Starting gunicorn 19.6.0
[2017-03-17 02:46:38 +0000] [1166] [INFO] Listening at: http://0.0.0.0:5000 (1166)
[2017-03-17 02:46:38 +0000] [1166] [INFO] Using worker: sync
[2017-03-17 02:46:38 +0000] [1306] [INFO] Booting worker with pid: 1306
